<?xml version="1.0" encoding="UTF-8"?>
<!-- Generated by org.testng.reporters.JUnitXMLReporter -->
<testsuite ignored="1" hostname="DESKTOP-DJ4FDME" failures="0" tests="4" name="Test" time="27.49" errors="0" timestamp="2023-11-28T19:43:29 IST">
  <testcase classname="org.xyz.automatio.abc.HandleAlerts" name="handlealert" time="4.43"/>
  <testcase classname="org.xyz.automatio.abc.HandleFrames" name="handleframe" time="8.213"/>
  <testcase classname="org.xyz.automatio.abc.KeyboardMouse" name="handlemouse" time="5.173"/>
  <testcase classname="org.xyz.automatio.abc.MultipleWindows" name="handletab" time="9.562"/>
  <testcase classname="org.xyz.automatio.abc.KeyboardMouse" name="handlekeyboard" time="0.0">
    <ignored/>
  </testcase> <!-- handlekeyboard -->
</testsuite> <!-- Test -->
