<?xml version="1.0" encoding="UTF-8"?>
<testng-results ignored="0" total="1" passed="1" failed="0" skipped="0">
  <reporter-output>
  </reporter-output>
  <suite started-at="2023-11-30T19:53:47 IST" name="Default suite" finished-at="2023-11-30T19:53:53 IST" duration-ms="5706">
    <groups>
    </groups>
    <test started-at="2023-11-30T19:53:47 IST" name="Default test" finished-at="2023-11-30T19:53:53 IST" duration-ms="5706">
      <class name="org.wipro.automation.fb.testcases.SignupScenario">
        <test-method is-config="true" signature="launchBrowser()[pri:0, instance:org.wipro.automation.fb.testcases.SignupScenario@5824a83d]" started-at="2023-11-30T19:53:48 IST" name="launchBrowser" finished-at="2023-11-30T19:53:52 IST" duration-ms="4444" status="PASS">
          <reporter-output>
          </reporter-output>
        </test-method> <!-- launchBrowser -->
        <test-method signature="validatesignupfunc()[pri:0, instance:org.wipro.automation.fb.testcases.SignupScenario@5824a83d]" started-at="2023-11-30T19:53:52 IST" name="validatesignupfunc" finished-at="2023-11-30T19:53:53 IST" duration-ms="1149" status="PASS">
          <reporter-output>
          </reporter-output>
        </test-method> <!-- validatesignupfunc -->
        <test-method is-config="true" signature="closeBrowser()[pri:0, instance:org.wipro.automation.fb.testcases.SignupScenario@5824a83d]" started-at="2023-11-30T19:53:53 IST" name="closeBrowser" finished-at="2023-11-30T19:53:53 IST" duration-ms="0" status="PASS">
          <reporter-output>
          </reporter-output>
        </test-method> <!-- closeBrowser -->
      </class> <!-- org.wipro.automation.fb.testcases.SignupScenario -->
    </test> <!-- Default test -->
  </suite> <!-- Default suite -->
</testng-results>
